Test:
  $ dawn type_check.eos
  [ERROR]: (Main:35) type_check.eos:6: Expected str, got i64
  [ERROR]: (Main:35) type_check.eos:20: Invalid number of arguments, got 3 expected 2
